{
  "stats": {
    "suites": 1,
    "tests": 2,
    "passes": 2,
    "pending": 0,
    "failures": 0,
    "start": "2020-06-10T08:29:51.482Z",
    "end": "2020-06-10T08:30:36.775Z",
    "duration": 45293,
    "testsRegistered": 2,
    "passPercent": 100,
    "pendingPercent": 0,
    "other": 0,
    "hasOther": false,
    "skipped": 0,
    "hasSkipped": false
  },
  "results": [
    {
      "uuid": "e2b7f766-d977-4b82-9b81-6317c49e0c90",
      "title": "",
      "fullFile": "cypress/integration/training.spec.js",
      "file": "cypress/integration/training.spec.js",
      "beforeHooks": [],
      "afterHooks": [],
      "tests": [],
      "suites": [
        {
          "uuid": "207eef97-b55c-4f24-99d1-0b1508b3b522",
          "title": "Testing  scenarios related to createtraining  Page ",
          "fullFile": "",
          "file": "",
          "beforeHooks": [],
          "afterHooks": [],
          "tests": [
            {
              "title": "Verify User Can publish Training when all Reuired fields are filled (title)",
              "fullTitle": "Testing  scenarios related to createtraining  Page  Verify User Can publish Training when all Reuired fields are filled (title)",
              "timedOut": null,
              "duration": 26175,
              "state": "passed",
              "speed": "slow",
              "pass": true,
              "fail": false,
              "pending": false,
              "context": null,
              "code": "cy.on('uncaught:exception', function (err) {\n  expect(err.message).to.include('Ignoring error for now');\n  return false;\n});\n_createtraining.default.getCreateTrainingMenuButton().click({\n  force: true\n});\ntraining = _helpers.default.getGeneratedTrainingTitle();\n_createtraining.default.getTrainingTitleField().type(training);\n_createtraining.default.getOPenCoverPickerButton().click();\n_createtraining.default.getCover().click();\n_createtraining.default.getNextStepButton().click({\n  force: true\n});\n_createtraining.default.getLearningModuleButton().click({\n  force: true\n});\ncy.readFile('module.txt').then(function (text) {\n  cy.get('input[data-purpose=\"search_input\"]').type(text);\n});\n_createtraining.default.getAddbutton().click();\n_createtraining.default.getSubmitButton().click();\n_createtraining.default.getNextStepButton().click({\n  force: true\n});\n_createtraining.default.getNextStepButton().click({\n  force: true\n});\n_createtraining.default.getPublishButton().click();\n_createtraining.default.getconfirmPublishPopup().click();",
              "err": {},
              "uuid": "9c58613f-e6f0-440a-ae0b-4886337b3e0c",
              "parentUUID": "207eef97-b55c-4f24-99d1-0b1508b3b522",
              "isHook": false,
              "skipped": false
            },
            {
              "title": "Verify User Can not  publish a Training with empty title",
              "fullTitle": "Testing  scenarios related to createtraining  Page  Verify User Can not  publish a Training with empty title",
              "timedOut": null,
              "duration": 17797,
              "state": "passed",
              "speed": "slow",
              "pass": true,
              "fail": false,
              "pending": false,
              "context": null,
              "code": "cy.wait(1000);\n_mytrainings.default.getMyTrainingMenuBarButton().click();\n_createtraining.default.getCreateTrainingMenuButton().click({\n  force: true\n});\ncy.wait(1000);\n_helpers.default.getCookieDisclaimerButton().click();\n_createtraining.default.getPublishButton().click();\n_createtraining.default.getconfirmPublishPopup().click(); //Assert \n\ncy.contains(\"Title must be filled, Training Cover must be filled, Training Modules must be filled, and Training Modules size cannot be less than 1\").should('be.visible');",
              "err": {},
              "uuid": "1a1473c5-fa40-4a69-b739-185654a77ecf",
              "parentUUID": "207eef97-b55c-4f24-99d1-0b1508b3b522",
              "isHook": false,
              "skipped": false
            }
          ],
          "suites": [],
          "passes": [
            "9c58613f-e6f0-440a-ae0b-4886337b3e0c",
            "1a1473c5-fa40-4a69-b739-185654a77ecf"
          ],
          "failures": [],
          "pending": [],
          "skipped": [],
          "duration": 43972,
          "root": false,
          "rootEmpty": false,
          "_timeout": 2000
        }
      ],
      "passes": [],
      "failures": [],
      "pending": [],
      "skipped": [],
      "duration": 0,
      "root": true,
      "rootEmpty": true,
      "_timeout": 2000
    }
  ],
  "meta": {
    "mocha": {
      "version": "7.2.0"
    },
    "mochawesome": {
      "options": {
        "quiet": false,
        "reportFilename": "mochawesome",
        "saveHtml": false,
        "saveJson": true,
        "consoleReporter": "spec",
        "useInlineDiffs": false,
        "code": true
      },
      "version": "6.1.1"
    },
    "marge": {
      "options": {
        "overwrite": false,
        "html": false,
        "json": true
      },
      "version": "5.1.0"
    }
  }
}